# JRE version: OpenJDK Runtime Environment (19.0.2+7) (build 19.0.2+7-44)
# Java VM: OpenJDK 64-Bit Server VM (19.0.2+7-44, mixed mode, sharing, tiered, compressed oops, compressed class ptrs, g1 gc, windows-amd64)
GC Precious Log:
 CardTable entry size: 512
 Card Set container configuration: InlinePtr #cards 4 size 8 Array Of Cards #cards 16 size 48 Howl #buckets 8 coarsen threshold 3686 Howl Bitmap #cards 512 size 80 coarsen threshold 460 Card regions per heap region 1 cards per card region 4096
 CPUs: 12 total, 12 available
 Memory: 15741M
 Large Page Support: Disabled
 NUMA Support: Disabled
 Compressed Oops: Enabled (Zero based)
 Heap Region Size: 2M
 Heap Min Capacity: 8M
 Heap Initial Capacity: 246M
 Heap Max Capacity: 3936M
 Pre-touch: Disabled
 Parallel Workers: 10
 Concurrent Workers: 3
 Concurrent Refinement Workers: 10
 Periodic GC: Disabled
Heap:
 garbage-first heap   total 251904K, used 162671K [0x000000070a000000, 0x0000000800000000)
  region size 2048K, 52 young (106496K), 7 survivors (14336K)
 Metaspace       used 16315K, committed 16640K, reserved 1114112K
  class space    used 2002K, committed 2176K, reserved 1048576K
GC Heap History (20 events):
Event: 1.804 GC heap before
{Heap before GC invocations=1 (full 0):
 garbage-first heap   total 251904K, used 43647K [0x000000070a000000, 0x0000000800000000)
  region size 2048K, 21 young (43008K), 2 survivors (4096K)
 Metaspace       used 13409K, committed 13760K, reserved 1114112K
  class space    used 1885K, committed 2048K, reserved 1048576K
}
Event: 1.815 GC heap after
{Heap after GC invocations=2 (full 0):
 garbage-first heap   total 251904K, used 9745K [0x000000070a000000, 0x0000000800000000)
  region size 2048K, 3 young (6144K), 3 survivors (6144K)
 Metaspace       used 13409K, committed 13760K, reserved 1114112K
  class space    used 1885K, committed 2048K, reserved 1048576K
}
Event: 18.516 GC heap before
{Heap before GC invocations=2 (full 0):
 garbage-first heap   total 251904K, used 112145K [0x000000070a000000, 0x0000000800000000)
  region size 2048K, 49 young (100352K), 3 survivors (6144K)
 Metaspace       used 15707K, committed 16064K, reserved 1114112K
  class space    used 1992K, committed 2176K, reserved 1048576K
}
Event: 18.535 GC heap after
{Heap after GC invocations=3 (full 0):
 garbage-first heap   total 251904K, used 21376K [0x000000070a000000, 0x0000000800000000)
  region size 2048K, 6 young (12288K), 6 survivors (12288K)
 Metaspace       used 15707K, committed 16064K, reserved 1114112K
  class space    used 1992K, committed 2176K, reserved 1048576K
}
Event: 19.795 GC heap before
{Heap before GC invocations=3 (full 0):
 garbage-first heap   total 251904K, used 158592K [0x000000070a000000, 0x0000000800000000)
  region size 2048K, 73 young (149504K), 6 survivors (12288K)
 Metaspace       used 15836K, committed 16192K, reserved 1114112K
  class space    used 1994K, committed 2176K, reserved 1048576K
}
Event: 19.801 GC heap after
{Heap after GC invocations=4 (full 0):
 garbage-first heap   total 251904K, used 21053K [0x000000070a000000, 0x0000000800000000)
  region size 2048K, 6 young (12288K), 6 survivors (12288K)
 Metaspace       used 15836K, committed 16192K, reserved 1114112K
  class space    used 1994K, committed 2176K, reserved 1048576K
}
Event: 21.160 GC heap before
{Heap before GC invocations=4 (full 0):
 garbage-first heap   total 251904K, used 162365K [0x000000070a000000, 0x0000000800000000)
  region size 2048K, 73 young (149504K), 6 survivors (12288K)
 Metaspace       used 15869K, committed 16256K, reserved 1114112K
  class space    used 1994K, committed 2176K, reserved 1048576K
}
Event: 21.165 GC heap after
{Heap after GC invocations=5 (full 0):
 garbage-first heap   total 251904K, used 20480K [0x000000070a000000, 0x0000000800000000)
  region size 2048K, 5 young (10240K), 5 survivors (10240K)
 Metaspace       used 15869K, committed 16256K, reserved 1114112K
  class space    used 1994K, committed 2176K, reserved 1048576K
}
Event: 24.478 GC heap before
{Heap before GC invocations=5 (full 0):
 garbage-first heap   total 251904K, used 159744K [0x000000070a000000, 0x0000000800000000)
  region size 2048K, 73 young (149504K), 5 survivors (10240K)
 Metaspace       used 15932K, committed 16256K, reserved 1114112K
  class space    used 1994K, committed 2176K, reserved 1048576K
}
Event: 24.487 GC heap after
{Heap after GC invocations=6 (full 0):
 garbage-first heap   total 251904K, used 22245K [0x000000070a000000, 0x0000000800000000)
  region size 2048K, 6 young (12288K), 6 survivors (12288K)
 Metaspace       used 15932K, committed 16256K, reserved 1114112K
  class space    used 1994K, committed 2176K, reserved 1048576K
}
Event: 25.164 GC heap before
{Heap before GC invocations=6 (full 0):
 garbage-first heap   total 251904K, used 159461K [0x000000070a000000, 0x0000000800000000)
  region size 2048K, 73 young (149504K), 6 survivors (12288K)
 Metaspace       used 15940K, committed 16256K, reserved 1114112K
  class space    used 1994K, committed 2176K, reserved 1048576K
}
Event: 25.170 GC heap after
{Heap after GC invocations=7 (full 0):
 garbage-first heap   total 251904K, used 22773K [0x000000070a000000, 0x0000000800000000)
  region size 2048K, 5 young (10240K), 5 survivors (10240K)
 Metaspace       used 15940K, committed 16256K, reserved 1114112K
  class space    used 1994K, committed 2176K, reserved 1048576K
}
Event: 25.794 GC heap before
{Heap before GC invocations=7 (full 0):
 garbage-first heap   total 251904K, used 162037K [0x000000070a000000, 0x0000000800000000)
  region size 2048K, 73 young (149504K), 5 survivors (10240K)
 Metaspace       used 15979K, committed 16320K, reserved 1114112K
  class space    used 1995K, committed 2176K, reserved 1048576K
}
Event: 25.797 GC heap after
{Heap after GC invocations=8 (full 0):
 garbage-first heap   total 251904K, used 21752K [0x000000070a000000, 0x0000000800000000)
  region size 2048K, 5 young (10240K), 5 survivors (10240K)
 Metaspace       used 15979K, committed 16320K, reserved 1114112K
  class space    used 1995K, committed 2176K, reserved 1048576K
}
Event: 30.326 GC heap before
{Heap before GC invocations=8 (full 0):
 garbage-first heap   total 251904K, used 165112K [0x000000070a000000, 0x0000000800000000)
  region size 2048K, 73 young (149504K), 5 survivors (10240K)
 Metaspace       used 16016K, committed 16320K, reserved 1114112K
  class space    used 1995K, committed 2176K, reserved 1048576K
}
Event: 30.330 GC heap after
{Heap after GC invocations=9 (full 0):
 garbage-first heap   total 251904K, used 20375K [0x000000070a000000, 0x0000000800000000)
  region size 2048K, 4 young (8192K), 4 survivors (8192K)
 Metaspace       used 16016K, committed 16320K, reserved 1114112K
  class space    used 1995K, committed 2176K, reserved 1048576K
}
Event: 48.020 GC heap before
{Heap before GC invocations=9 (full 0):
 garbage-first heap   total 251904K, used 212887K [0x000000070a000000, 0x0000000800000000)
  region size 2048K, 73 young (149504K), 4 survivors (8192K)
 Metaspace       used 16189K, committed 16512K, reserved 1114112K
  class space    used 2001K, committed 2176K, reserved 1048576K
}
Event: 48.024 GC heap after
{Heap after GC invocations=10 (full 0):
 garbage-first heap   total 251904K, used 25844K [0x000000070a000000, 0x0000000800000000)
  region size 2048K, 7 young (14336K), 7 survivors (14336K)
 Metaspace       used 16189K, committed 16512K, reserved 1114112K
  class space    used 2001K, committed 2176K, reserved 1048576K
}
Event: 56.129 GC heap before
{Heap before GC invocations=10 (full 0):
 garbage-first heap   total 251904K, used 214260K [0x000000070a000000, 0x0000000800000000)
  region size 2048K, 53 young (108544K), 7 survivors (14336K)
 Metaspace       used 16259K, committed 16640K, reserved 1114112K
  class space    used 2001K, committed 2176K, reserved 1048576K
}
Event: 56.133 GC heap after
{Heap after GC invocations=11 (full 0):
 garbage-first heap   total 251904K, used 29551K [0x000000070a000000, 0x0000000800000000)
  region size 2048K, 7 young (14336K), 7 survivors (14336K)
 Metaspace       used 16259K, committed 16640K, reserved 1114112K
  class space    used 2001K, committed 2176K, reserved 1048576K
}

